This is pdfTeX, Version 3.14159265-2.6-1.40.17 (TeX Live 2016/NixOS.org) (preloaded format=pdflatex 2017.6.24)  11 JUL 2017 02:54
entering extended mode
 restricted \write18 enabled.
 %&-line parsing enabled.
**main.tex
(./main.tex
LaTeX2e <2016/03/31> patch level 1
Babel <3.9r> and hyphenation patterns for 86 language(s) loaded.

(/nix/store/q5cpljriqyla3hwvm0f99mvnrgyc4fgk-texlive-combined-full-2016/share/t
exmf/tex/latex/base/article.cls
Document Class: article 2014/09/29 v1.4h Standard LaTeX document class

(/nix/store/q5cpljriqyla3hwvm0f99mvnrgyc4fgk-texlive-combined-full-2016/share/t
exmf/tex/latex/base/size11.clo
File: size11.clo 2014/09/29 v1.4h Standard LaTeX file (size option)
)
\c@part=\count79
\c@section=\count80
\c@subsection=\count81
\c@subsubsection=\count82
\c@paragraph=\count83
\c@subparagraph=\count84
\c@figure=\count85
\c@table=\count86
\abovecaptionskip=\skip41
\belowcaptionskip=\skip42
\bibindent=\dimen102
)
(/nix/store/q5cpljriqyla3hwvm0f99mvnrgyc4fgk-texlive-combined-full-2016/share/t
exmf/tex/latex/preprint/fullpage.sty
Package: fullpage 1999/02/23 1.1 (PWD)
\FP@margin=\skip43
)
(/nix/store/q5cpljriqyla3hwvm0f99mvnrgyc4fgk-texlive-combined-full-2016/share/t
exmf/tex/latex/titling/titling.sty
Package: titling 2009/09/04 v2.1d maketitle typesetting
\thanksmarkwidth=\skip44
\thanksmargin=\skip45
\droptitle=\skip46
)
(/nix/store/q5cpljriqyla3hwvm0f99mvnrgyc4fgk-texlive-combined-full-2016/share/t
exmf/tex/latex/parskip/parskip.sty
Package: parskip 2001/04/09 non-zero parskip adjustments
)
(/nix/store/q5cpljriqyla3hwvm0f99mvnrgyc4fgk-texlive-combined-full-2016/share/t
exmf/tex/latex/pgf/frontendlayer/tikz.sty
(/nix/store/q5cpljriqyla3hwvm0f99mvnrgyc4fgk-texlive-combined-full-2016/share/t
exmf/tex/latex/pgf/basiclayer/pgf.sty
(/nix/store/q5cpljriqyla3hwvm0f99mvnrgyc4fgk-texlive-combined-full-2016/share/t
exmf/tex/latex/pgf/utilities/pgfrcs.sty
(/nix/store/q5cpljriqyla3hwvm0f99mvnrgyc4fgk-texlive-combined-full-2016/share/t
exmf/tex/generic/pgf/utilities/pgfutil-common.tex
\pgfutil@everybye=\toks14
\pgfutil@tempdima=\dimen103
\pgfutil@tempdimb=\dimen104

(/nix/store/q5cpljriqyla3hwvm0f99mvnrgyc4fgk-texlive-combined-full-2016/share/t
exmf/tex/generic/pgf/utilities/pgfutil-common-lists.tex))
(/nix/store/q5cpljriqyla3hwvm0f99mvnrgyc4fgk-texlive-combined-full-2016/share/t
exmf/tex/generic/pgf/utilities/pgfutil-latex.def
\pgfutil@abb=\box26

(/nix/store/q5cpljriqyla3hwvm0f99mvnrgyc4fgk-texlive-combined-full-2016/share/t
exmf/tex/latex/ms/everyshi.sty
Package: everyshi 2001/05/15 v3.00 EveryShipout Package (MS)
))
(/nix/store/q5cpljriqyla3hwvm0f99mvnrgyc4fgk-texlive-combined-full-2016/share/t
exmf/tex/generic/pgf/utilities/pgfrcs.code.tex
Package: pgfrcs 2015/08/07 v3.0.1a (rcs-revision 1.31)
))
Package: pgf 2015/08/07 v3.0.1a (rcs-revision 1.15)

(/nix/store/q5cpljriqyla3hwvm0f99mvnrgyc4fgk-texlive-combined-full-2016/share/t
exmf/tex/latex/pgf/basiclayer/pgfcore.sty
(/nix/store/q5cpljriqyla3hwvm0f99mvnrgyc4fgk-texlive-combined-full-2016/share/t
exmf/tex/latex/graphics/graphicx.sty
Package: graphicx 2014/10/28 v1.0g Enhanced LaTeX Graphics (DPC,SPQR)

(/nix/store/q5cpljriqyla3hwvm0f99mvnrgyc4fgk-texlive-combined-full-2016/share/t
exmf/tex/latex/graphics/keyval.sty
Package: keyval 2014/10/28 v1.15 key=value parser (DPC)
\KV@toks@=\toks15
)
(/nix/store/q5cpljriqyla3hwvm0f99mvnrgyc4fgk-texlive-combined-full-2016/share/t
exmf/tex/latex/graphics/graphics.sty
Package: graphics 2016/06/02 v1.0s Standard LaTeX Graphics (DPC,SPQR)

(/nix/store/q5cpljriqyla3hwvm0f99mvnrgyc4fgk-texlive-combined-full-2016/share/t
exmf/tex/latex/graphics/trig.sty
Package: trig 2016/01/03 v1.10 sin cos tan (DPC)
)
(/nix/store/q5cpljriqyla3hwvm0f99mvnrgyc4fgk-texlive-combined-full-2016/share/t
exmf/tex/latex/graphics-cfg/graphics.cfg
File: graphics.cfg 2016/06/04 v1.11 sample graphics configuration
)
Package graphics Info: Driver file: pdftex.def on input line 99.

(/nix/store/q5cpljriqyla3hwvm0f99mvnrgyc4fgk-texlive-combined-full-2016/share/t
exmf/tex/latex/pdftex-def/pdftex.def
File: pdftex.def 2016/06/17 v0.06h Graphics/color for pdfTeX

(/nix/store/q5cpljriqyla3hwvm0f99mvnrgyc4fgk-texlive-combined-full-2016/share/t
exmf/tex/generic/oberdiek/infwarerr.sty
Package: infwarerr 2016/05/16 v1.4 Providing info/warning/error messages (HO)
)
(/nix/store/q5cpljriqyla3hwvm0f99mvnrgyc4fgk-texlive-combined-full-2016/share/t
exmf/tex/generic/oberdiek/ltxcmds.sty
Package: ltxcmds 2016/05/16 v1.23 LaTeX kernel commands for general use (HO)
)
\Gread@gobject=\count87
))
\Gin@req@height=\dimen105
\Gin@req@width=\dimen106
)
(/nix/store/q5cpljriqyla3hwvm0f99mvnrgyc4fgk-texlive-combined-full-2016/share/t
exmf/tex/latex/pgf/systemlayer/pgfsys.sty
(/nix/store/q5cpljriqyla3hwvm0f99mvnrgyc4fgk-texlive-combined-full-2016/share/t
exmf/tex/generic/pgf/systemlayer/pgfsys.code.tex
Package: pgfsys 2014/07/09 v3.0.1a (rcs-revision 1.48)

(/nix/store/q5cpljriqyla3hwvm0f99mvnrgyc4fgk-texlive-combined-full-2016/share/t
exmf/tex/generic/pgf/utilities/pgfkeys.code.tex
\pgfkeys@pathtoks=\toks16
\pgfkeys@temptoks=\toks17

(/nix/store/q5cpljriqyla3hwvm0f99mvnrgyc4fgk-texlive-combined-full-2016/share/t
exmf/tex/generic/pgf/utilities/pgfkeysfiltered.code.tex
\pgfkeys@tmptoks=\toks18
))
\pgf@x=\dimen107
\pgf@y=\dimen108
\pgf@xa=\dimen109
\pgf@ya=\dimen110
\pgf@xb=\dimen111
\pgf@yb=\dimen112
\pgf@xc=\dimen113
\pgf@yc=\dimen114
\w@pgf@writea=\write3
\r@pgf@reada=\read1
\c@pgf@counta=\count88
\c@pgf@countb=\count89
\c@pgf@countc=\count90
\c@pgf@countd=\count91
\t@pgf@toka=\toks19
\t@pgf@tokb=\toks20
\t@pgf@tokc=\toks21

(/nix/store/q5cpljriqyla3hwvm0f99mvnrgyc4fgk-texlive-combined-full-2016/share/t
exmf/tex/generic/pgf/systemlayer/pgf.cfg
File: pgf.cfg 2008/05/14  (rcs-revision 1.7)
)
Driver file for pgf: pgfsys-pdftex.def

(/nix/store/q5cpljriqyla3hwvm0f99mvnrgyc4fgk-texlive-combined-full-2016/share/t
exmf/tex/generic/pgf/systemlayer/pgfsys-pdftex.def
File: pgfsys-pdftex.def 2014/10/11  (rcs-revision 1.35)

(/nix/store/q5cpljriqyla3hwvm0f99mvnrgyc4fgk-texlive-combined-full-2016/share/t
exmf/tex/generic/pgf/systemlayer/pgfsys-common-pdf.def
File: pgfsys-common-pdf.def 2013/10/10  (rcs-revision 1.13)
)))
(/nix/store/q5cpljriqyla3hwvm0f99mvnrgyc4fgk-texlive-combined-full-2016/share/t
exmf/tex/generic/pgf/systemlayer/pgfsyssoftpath.code.tex
File: pgfsyssoftpath.code.tex 2013/09/09  (rcs-revision 1.9)
\pgfsyssoftpath@smallbuffer@items=\count92
\pgfsyssoftpath@bigbuffer@items=\count93
)
(/nix/store/q5cpljriqyla3hwvm0f99mvnrgyc4fgk-texlive-combined-full-2016/share/t
exmf/tex/generic/pgf/systemlayer/pgfsysprotocol.code.tex
File: pgfsysprotocol.code.tex 2006/10/16  (rcs-revision 1.4)
))
(/nix/store/q5cpljriqyla3hwvm0f99mvnrgyc4fgk-texlive-combined-full-2016/share/t
exmf/tex/latex/xcolor/xcolor.sty
Package: xcolor 2016/05/11 v2.12 LaTeX color extensions (UK)

(/nix/store/q5cpljriqyla3hwvm0f99mvnrgyc4fgk-texlive-combined-full-2016/share/t
exmf/tex/latex/graphics-cfg/color.cfg
File: color.cfg 2016/01/02 v1.6 sample color configuration
)
Package xcolor Info: Driver file: pdftex.def on input line 225.
Package xcolor Info: Model `cmy' substituted by `cmy0' on input line 1348.
Package xcolor Info: Model `hsb' substituted by `rgb' on input line 1352.
Package xcolor Info: Model `RGB' extended on input line 1364.
Package xcolor Info: Model `HTML' substituted by `rgb' on input line 1366.
Package xcolor Info: Model `Hsb' substituted by `hsb' on input line 1367.
Package xcolor Info: Model `tHsb' substituted by `hsb' on input line 1368.
Package xcolor Info: Model `HSB' substituted by `hsb' on input line 1369.
Package xcolor Info: Model `Gray' substituted by `gray' on input line 1370.
Package xcolor Info: Model `wave' substituted by `hsb' on input line 1371.
)
(/nix/store/q5cpljriqyla3hwvm0f99mvnrgyc4fgk-texlive-combined-full-2016/share/t
exmf/tex/generic/pgf/basiclayer/pgfcore.code.tex
Package: pgfcore 2010/04/11 v3.0.1a (rcs-revision 1.7)

(/nix/store/q5cpljriqyla3hwvm0f99mvnrgyc4fgk-texlive-combined-full-2016/share/t
exmf/tex/generic/pgf/math/pgfmath.code.tex
(/nix/store/q5cpljriqyla3hwvm0f99mvnrgyc4fgk-texlive-combined-full-2016/share/t
exmf/tex/generic/pgf/math/pgfmathcalc.code.tex
(/nix/store/q5cpljriqyla3hwvm0f99mvnrgyc4fgk-texlive-combined-full-2016/share/t
exmf/tex/generic/pgf/math/pgfmathutil.code.tex)
(/nix/store/q5cpljriqyla3hwvm0f99mvnrgyc4fgk-texlive-combined-full-2016/share/t
exmf/tex/generic/pgf/math/pgfmathparser.code.tex
\pgfmath@dimen=\dimen115
\pgfmath@count=\count94
\pgfmath@box=\box27
\pgfmath@toks=\toks22
\pgfmath@stack@operand=\toks23
\pgfmath@stack@operation=\toks24
)
(/nix/store/q5cpljriqyla3hwvm0f99mvnrgyc4fgk-texlive-combined-full-2016/share/t
exmf/tex/generic/pgf/math/pgfmathfunctions.code.tex
(/nix/store/q5cpljriqyla3hwvm0f99mvnrgyc4fgk-texlive-combined-full-2016/share/t
exmf/tex/generic/pgf/math/pgfmathfunctions.basic.code.tex)
(/nix/store/q5cpljriqyla3hwvm0f99mvnrgyc4fgk-texlive-combined-full-2016/share/t
exmf/tex/generic/pgf/math/pgfmathfunctions.trigonometric.code.tex)
(/nix/store/q5cpljriqyla3hwvm0f99mvnrgyc4fgk-texlive-combined-full-2016/share/t
exmf/tex/generic/pgf/math/pgfmathfunctions.random.code.tex)
(/nix/store/q5cpljriqyla3hwvm0f99mvnrgyc4fgk-texlive-combined-full-2016/share/t
exmf/tex/generic/pgf/math/pgfmathfunctions.comparison.code.tex)
(/nix/store/q5cpljriqyla3hwvm0f99mvnrgyc4fgk-texlive-combined-full-2016/share/t
exmf/tex/generic/pgf/math/pgfmathfunctions.base.code.tex)
(/nix/store/q5cpljriqyla3hwvm0f99mvnrgyc4fgk-texlive-combined-full-2016/share/t
exmf/tex/generic/pgf/math/pgfmathfunctions.round.code.tex)
(/nix/store/q5cpljriqyla3hwvm0f99mvnrgyc4fgk-texlive-combined-full-2016/share/t
exmf/tex/generic/pgf/math/pgfmathfunctions.misc.code.tex)
(/nix/store/q5cpljriqyla3hwvm0f99mvnrgyc4fgk-texlive-combined-full-2016/share/t
exmf/tex/generic/pgf/math/pgfmathfunctions.integerarithmetics.code.tex)))
(/nix/store/q5cpljriqyla3hwvm0f99mvnrgyc4fgk-texlive-combined-full-2016/share/t
exmf/tex/generic/pgf/math/pgfmathfloat.code.tex
\c@pgfmathroundto@lastzeros=\count95
))
(/nix/store/q5cpljriqyla3hwvm0f99mvnrgyc4fgk-texlive-combined-full-2016/share/t
exmf/tex/generic/pgf/basiclayer/pgfcorepoints.code.tex
File: pgfcorepoints.code.tex 2013/10/07  (rcs-revision 1.27)
\pgf@picminx=\dimen116
\pgf@picmaxx=\dimen117
\pgf@picminy=\dimen118
\pgf@picmaxy=\dimen119
\pgf@pathminx=\dimen120
\pgf@pathmaxx=\dimen121
\pgf@pathminy=\dimen122
\pgf@pathmaxy=\dimen123
\pgf@xx=\dimen124
\pgf@xy=\dimen125
\pgf@yx=\dimen126
\pgf@yy=\dimen127
\pgf@zx=\dimen128
\pgf@zy=\dimen129
)
(/nix/store/q5cpljriqyla3hwvm0f99mvnrgyc4fgk-texlive-combined-full-2016/share/t
exmf/tex/generic/pgf/basiclayer/pgfcorepathconstruct.code.tex
File: pgfcorepathconstruct.code.tex 2013/10/07  (rcs-revision 1.29)
\pgf@path@lastx=\dimen130
\pgf@path@lasty=\dimen131
)
(/nix/store/q5cpljriqyla3hwvm0f99mvnrgyc4fgk-texlive-combined-full-2016/share/t
exmf/tex/generic/pgf/basiclayer/pgfcorepathusage.code.tex
File: pgfcorepathusage.code.tex 2014/11/02  (rcs-revision 1.24)
\pgf@shorten@end@additional=\dimen132
\pgf@shorten@start@additional=\dimen133
)
(/nix/store/q5cpljriqyla3hwvm0f99mvnrgyc4fgk-texlive-combined-full-2016/share/t
exmf/tex/generic/pgf/basiclayer/pgfcorescopes.code.tex
File: pgfcorescopes.code.tex 2015/05/08  (rcs-revision 1.46)
\pgfpic=\box28
\pgf@hbox=\box29
\pgf@layerbox@main=\box30
\pgf@picture@serial@count=\count96
)
(/nix/store/q5cpljriqyla3hwvm0f99mvnrgyc4fgk-texlive-combined-full-2016/share/t
exmf/tex/generic/pgf/basiclayer/pgfcoregraphicstate.code.tex
File: pgfcoregraphicstate.code.tex 2014/11/02  (rcs-revision 1.12)
\pgflinewidth=\dimen134
)
(/nix/store/q5cpljriqyla3hwvm0f99mvnrgyc4fgk-texlive-combined-full-2016/share/t
exmf/tex/generic/pgf/basiclayer/pgfcoretransformations.code.tex
File: pgfcoretransformations.code.tex 2015/08/07  (rcs-revision 1.20)
\pgf@pt@x=\dimen135
\pgf@pt@y=\dimen136
\pgf@pt@temp=\dimen137
)
(/nix/store/q5cpljriqyla3hwvm0f99mvnrgyc4fgk-texlive-combined-full-2016/share/t
exmf/tex/generic/pgf/basiclayer/pgfcorequick.code.tex
File: pgfcorequick.code.tex 2008/10/09  (rcs-revision 1.3)
)
(/nix/store/q5cpljriqyla3hwvm0f99mvnrgyc4fgk-texlive-combined-full-2016/share/t
exmf/tex/generic/pgf/basiclayer/pgfcoreobjects.code.tex
File: pgfcoreobjects.code.tex 2006/10/11  (rcs-revision 1.2)
)
(/nix/store/q5cpljriqyla3hwvm0f99mvnrgyc4fgk-texlive-combined-full-2016/share/t
exmf/tex/generic/pgf/basiclayer/pgfcorepathprocessing.code.tex
File: pgfcorepathprocessing.code.tex 2013/09/09  (rcs-revision 1.9)
)
(/nix/store/q5cpljriqyla3hwvm0f99mvnrgyc4fgk-texlive-combined-full-2016/share/t
exmf/tex/generic/pgf/basiclayer/pgfcorearrows.code.tex
File: pgfcorearrows.code.tex 2015/05/14  (rcs-revision 1.43)
\pgfarrowsep=\dimen138
)
(/nix/store/q5cpljriqyla3hwvm0f99mvnrgyc4fgk-texlive-combined-full-2016/share/t
exmf/tex/generic/pgf/basiclayer/pgfcoreshade.code.tex
File: pgfcoreshade.code.tex 2013/07/15  (rcs-revision 1.15)
\pgf@max=\dimen139
\pgf@sys@shading@range@num=\count97
)
(/nix/store/q5cpljriqyla3hwvm0f99mvnrgyc4fgk-texlive-combined-full-2016/share/t
exmf/tex/generic/pgf/basiclayer/pgfcoreimage.code.tex
File: pgfcoreimage.code.tex 2013/07/15  (rcs-revision 1.18)

(/nix/store/q5cpljriqyla3hwvm0f99mvnrgyc4fgk-texlive-combined-full-2016/share/t
exmf/tex/generic/pgf/basiclayer/pgfcoreexternal.code.tex
File: pgfcoreexternal.code.tex 2014/07/09  (rcs-revision 1.21)
\pgfexternal@startupbox=\box31
))
(/nix/store/q5cpljriqyla3hwvm0f99mvnrgyc4fgk-texlive-combined-full-2016/share/t
exmf/tex/generic/pgf/basiclayer/pgfcorelayers.code.tex
File: pgfcorelayers.code.tex 2013/07/18  (rcs-revision 1.7)
)
(/nix/store/q5cpljriqyla3hwvm0f99mvnrgyc4fgk-texlive-combined-full-2016/share/t
exmf/tex/generic/pgf/basiclayer/pgfcoretransparency.code.tex
File: pgfcoretransparency.code.tex 2013/09/30  (rcs-revision 1.5)
)
(/nix/store/q5cpljriqyla3hwvm0f99mvnrgyc4fgk-texlive-combined-full-2016/share/t
exmf/tex/generic/pgf/basiclayer/pgfcorepatterns.code.tex
File: pgfcorepatterns.code.tex 2013/11/07  (rcs-revision 1.5)
)))
(/nix/store/q5cpljriqyla3hwvm0f99mvnrgyc4fgk-texlive-combined-full-2016/share/t
exmf/tex/generic/pgf/modules/pgfmoduleshapes.code.tex
File: pgfmoduleshapes.code.tex 2014/03/21  (rcs-revision 1.35)
\pgfnodeparttextbox=\box32
)
(/nix/store/q5cpljriqyla3hwvm0f99mvnrgyc4fgk-texlive-combined-full-2016/share/t
exmf/tex/generic/pgf/modules/pgfmoduleplot.code.tex
File: pgfmoduleplot.code.tex 2015/08/03  (rcs-revision 1.13)
)
(/nix/store/q5cpljriqyla3hwvm0f99mvnrgyc4fgk-texlive-combined-full-2016/share/t
exmf/tex/latex/pgf/compatibility/pgfcomp-version-0-65.sty
Package: pgfcomp-version-0-65 2007/07/03 v3.0.1a (rcs-revision 1.7)
\pgf@nodesepstart=\dimen140
\pgf@nodesepend=\dimen141
)
(/nix/store/q5cpljriqyla3hwvm0f99mvnrgyc4fgk-texlive-combined-full-2016/share/t
exmf/tex/latex/pgf/compatibility/pgfcomp-version-1-18.sty
Package: pgfcomp-version-1-18 2007/07/23 v3.0.1a (rcs-revision 1.1)
))
(/nix/store/q5cpljriqyla3hwvm0f99mvnrgyc4fgk-texlive-combined-full-2016/share/t
exmf/tex/latex/pgf/utilities/pgffor.sty
(/nix/store/q5cpljriqyla3hwvm0f99mvnrgyc4fgk-texlive-combined-full-2016/share/t
exmf/tex/latex/pgf/utilities/pgfkeys.sty
(/nix/store/q5cpljriqyla3hwvm0f99mvnrgyc4fgk-texlive-combined-full-2016/share/t
exmf/tex/generic/pgf/utilities/pgfkeys.code.tex))
(/nix/store/q5cpljriqyla3hwvm0f99mvnrgyc4fgk-texlive-combined-full-2016/share/t
exmf/tex/latex/pgf/math/pgfmath.sty
(/nix/store/q5cpljriqyla3hwvm0f99mvnrgyc4fgk-texlive-combined-full-2016/share/t
exmf/tex/generic/pgf/math/pgfmath.code.tex))
(/nix/store/q5cpljriqyla3hwvm0f99mvnrgyc4fgk-texlive-combined-full-2016/share/t
exmf/tex/generic/pgf/utilities/pgffor.code.tex
Package: pgffor 2013/12/13 v3.0.1a (rcs-revision 1.25)

(/nix/store/q5cpljriqyla3hwvm0f99mvnrgyc4fgk-texlive-combined-full-2016/share/t
exmf/tex/generic/pgf/math/pgfmath.code.tex)
\pgffor@iter=\dimen142
\pgffor@skip=\dimen143
\pgffor@stack=\toks25
\pgffor@toks=\toks26
))
(/nix/store/q5cpljriqyla3hwvm0f99mvnrgyc4fgk-texlive-combined-full-2016/share/t
exmf/tex/generic/pgf/frontendlayer/tikz/tikz.code.tex
Package: tikz 2015/08/07 v3.0.1a (rcs-revision 1.151)

(/nix/store/q5cpljriqyla3hwvm0f99mvnrgyc4fgk-texlive-combined-full-2016/share/t
exmf/tex/generic/pgf/libraries/pgflibraryplothandlers.code.tex
File: pgflibraryplothandlers.code.tex 2013/08/31 v3.0.1a (rcs-revision 1.20)
\pgf@plot@mark@count=\count98
\pgfplotmarksize=\dimen144
)
\tikz@lastx=\dimen145
\tikz@lasty=\dimen146
\tikz@lastxsaved=\dimen147
\tikz@lastysaved=\dimen148
\tikzleveldistance=\dimen149
\tikzsiblingdistance=\dimen150
\tikz@figbox=\box33
\tikz@figbox@bg=\box34
\tikz@tempbox=\box35
\tikz@tempbox@bg=\box36
\tikztreelevel=\count99
\tikznumberofchildren=\count100
\tikznumberofcurrentchild=\count101
\tikz@fig@count=\count102

(/nix/store/q5cpljriqyla3hwvm0f99mvnrgyc4fgk-texlive-combined-full-2016/share/t
exmf/tex/generic/pgf/modules/pgfmodulematrix.code.tex
File: pgfmodulematrix.code.tex 2013/09/17  (rcs-revision 1.8)
\pgfmatrixcurrentrow=\count103
\pgfmatrixcurrentcolumn=\count104
\pgf@matrix@numberofcolumns=\count105
)
\tikz@expandcount=\count106

(/nix/store/q5cpljriqyla3hwvm0f99mvnrgyc4fgk-texlive-combined-full-2016/share/t
exmf/tex/generic/pgf/frontendlayer/tikz/libraries/tikzlibrarytopaths.code.tex
File: tikzlibrarytopaths.code.tex 2008/06/17 v3.0.1a (rcs-revision 1.2)
)))
(/nix/store/q5cpljriqyla3hwvm0f99mvnrgyc4fgk-texlive-combined-full-2016/share/t
exmf/tex/latex/amsmath/amsmath.sty
Package: amsmath 2016/03/10 v2.15b AMS math features
\@mathmargin=\skip47

For additional information on amsmath, use the `?' option.

(/nix/store/q5cpljriqyla3hwvm0f99mvnrgyc4fgk-texlive-combined-full-2016/share/t
exmf/tex/latex/amsmath/amstext.sty
Package: amstext 2000/06/29 v2.01 AMS text

(/nix/store/q5cpljriqyla3hwvm0f99mvnrgyc4fgk-texlive-combined-full-2016/share/t
exmf/tex/latex/amsmath/amsgen.sty
File: amsgen.sty 1999/11/30 v2.0 generic functions
\@emptytoks=\toks27
\ex@=\dimen151
))
(/nix/store/q5cpljriqyla3hwvm0f99mvnrgyc4fgk-texlive-combined-full-2016/share/t
exmf/tex/latex/amsmath/amsbsy.sty
Package: amsbsy 1999/11/29 v1.2d Bold Symbols
\pmbraise@=\dimen152
)
(/nix/store/q5cpljriqyla3hwvm0f99mvnrgyc4fgk-texlive-combined-full-2016/share/t
exmf/tex/latex/amsmath/amsopn.sty
Package: amsopn 2016/03/08 v2.02 operator names
)
\inf@bad=\count107
LaTeX Info: Redefining \frac on input line 199.
\uproot@=\count108
\leftroot@=\count109
LaTeX Info: Redefining \overline on input line 297.
\classnum@=\count110
\DOTSCASE@=\count111
LaTeX Info: Redefining \ldots on input line 394.
LaTeX Info: Redefining \dots on input line 397.
LaTeX Info: Redefining \cdots on input line 518.
\Mathstrutbox@=\box37
\strutbox@=\box38
\big@size=\dimen153
LaTeX Font Info:    Redeclaring font encoding OML on input line 634.
LaTeX Font Info:    Redeclaring font encoding OMS on input line 635.
\macc@depth=\count112
\c@MaxMatrixCols=\count113
\dotsspace@=\muskip10
\c@parentequation=\count114
\dspbrk@lvl=\count115
\tag@help=\toks28
\row@=\count116
\column@=\count117
\maxfields@=\count118
\andhelp@=\toks29
\eqnshift@=\dimen154
\alignsep@=\dimen155
\tagshift@=\dimen156
\tagwidth@=\dimen157
\totwidth@=\dimen158
\lineht@=\dimen159
\@envbody=\toks30
\multlinegap=\skip48
\multlinetaggap=\skip49
\mathdisplay@stack=\toks31
LaTeX Info: Redefining \[ on input line 2739.
LaTeX Info: Redefining \] on input line 2740.
)
(/nix/store/q5cpljriqyla3hwvm0f99mvnrgyc4fgk-texlive-combined-full-2016/share/t
exmf/tex/latex/tools/multicol.sty
Package: multicol 2016/04/07 v1.8p multicolumn formatting (FMi)
\c@tracingmulticols=\count119
\mult@box=\box39
\multicol@leftmargin=\dimen160
\c@unbalance=\count120
\c@collectmore=\count121
\doublecol@number=\count122
\multicoltolerance=\count123
\multicolpretolerance=\count124
\full@width=\dimen161
\page@free=\dimen162
\premulticols=\dimen163
\postmulticols=\dimen164
\multicolsep=\skip50
\multicolbaselineskip=\skip51
\partial@page=\box40
\last@line=\box41
\maxbalancingoverflow=\dimen165
\mult@rightbox=\box42
\mult@grightbox=\box43
\mult@gfirstbox=\box44
\mult@firstbox=\box45
\@tempa=\box46
\@tempa=\box47
\@tempa=\box48
\@tempa=\box49
\@tempa=\box50
\@tempa=\box51
\@tempa=\box52
\@tempa=\box53
\@tempa=\box54
\@tempa=\box55
\@tempa=\box56
\@tempa=\box57
\@tempa=\box58
\@tempa=\box59
\@tempa=\box60
\@tempa=\box61
\@tempa=\box62
\c@columnbadness=\count125
\c@finalcolumnbadness=\count126
\last@try=\dimen166
\multicolovershoot=\dimen167
\multicolundershoot=\dimen168
\mult@nat@firstbox=\box63
\colbreak@box=\box64
\mc@col@check@num=\count127
)
(/nix/store/q5cpljriqyla3hwvm0f99mvnrgyc4fgk-texlive-combined-full-2016/share/t
exmf/tex/latex/hyperref/hyperref.sty
Package: hyperref 2016/05/21 v6.83p Hypertext links for LaTeX

(/nix/store/q5cpljriqyla3hwvm0f99mvnrgyc4fgk-texlive-combined-full-2016/share/t
exmf/tex/generic/oberdiek/hobsub-hyperref.sty
Package: hobsub-hyperref 2016/05/16 v1.14 Bundle oberdiek, subset hyperref (HO)


(/nix/store/q5cpljriqyla3hwvm0f99mvnrgyc4fgk-texlive-combined-full-2016/share/t
exmf/tex/generic/oberdiek/hobsub-generic.sty
Package: hobsub-generic 2016/05/16 v1.14 Bundle oberdiek, subset generic (HO)
Package: hobsub 2016/05/16 v1.14 Construct package bundles (HO)
Package hobsub Info: Skipping package `infwarerr' (already loaded).
Package hobsub Info: Skipping package `ltxcmds' (already loaded).
Package: ifluatex 2016/05/16 v1.4 Provides the ifluatex switch (HO)
Package ifluatex Info: LuaTeX not detected.
Package: ifvtex 2016/05/16 v1.6 Detect VTeX and its facilities (HO)
Package ifvtex Info: VTeX not detected.
Package: intcalc 2016/05/16 v1.2 Expandable calculations with integers (HO)
Package: ifpdf 2016/05/14 v3.1 Provides the ifpdf switch
Package: etexcmds 2016/05/16 v1.6 Avoid name clashes with e-TeX commands (HO)
Package etexcmds Info: Could not find \expanded.
(etexcmds)             That can mean that you are not using pdfTeX 1.50 or
(etexcmds)             that some package has redefined \expanded.
(etexcmds)             In the latter case, load this package earlier.
Package: kvsetkeys 2016/05/16 v1.17 Key value parser (HO)
Package: kvdefinekeys 2016/05/16 v1.4 Define keys (HO)
Package: pdftexcmds 2016/05/21 v0.22 Utility functions of pdfTeX for LuaTeX (HO
)
Package pdftexcmds Info: LuaTeX not detected.
Package pdftexcmds Info: \pdf@primitive is available.
Package pdftexcmds Info: \pdf@ifprimitive is available.
Package pdftexcmds Info: \pdfdraftmode found.
Package: pdfescape 2016/05/16 v1.14 Implements pdfTeX's escape features (HO)
Package: bigintcalc 2016/05/16 v1.4 Expandable calculations on big integers (HO
)
Package: bitset 2016/05/16 v1.2 Handle bit-vector datatype (HO)
Package: uniquecounter 2016/05/16 v1.3 Provide unlimited unique counter (HO)
)
Package hobsub Info: Skipping package `hobsub' (already loaded).
Package: letltxmacro 2016/05/16 v1.5 Let assignment for LaTeX macros (HO)
Package: hopatch 2016/05/16 v1.3 Wrapper for package hooks (HO)
Package: xcolor-patch 2016/05/16 xcolor patch
Package: atveryend 2016/05/16 v1.9 Hooks at the very end of document (HO)
Package atveryend Info: \enddocument detected (standard20110627).
Package: atbegshi 2016/06/09 v1.18 At begin shipout hook (HO)
Package: refcount 2016/05/16 v3.5 Data extraction from label references (HO)
Package: hycolor 2016/05/16 v1.8 Color options for hyperref/bookmark (HO)
)
(/nix/store/q5cpljriqyla3hwvm0f99mvnrgyc4fgk-texlive-combined-full-2016/share/t
exmf/tex/generic/ifxetex/ifxetex.sty
Package: ifxetex 2010/09/12 v0.6 Provides ifxetex conditional
)
(/nix/store/q5cpljriqyla3hwvm0f99mvnrgyc4fgk-texlive-combined-full-2016/share/t
exmf/tex/latex/oberdiek/auxhook.sty
Package: auxhook 2016/05/16 v1.4 Hooks for auxiliary files (HO)
)
(/nix/store/q5cpljriqyla3hwvm0f99mvnrgyc4fgk-texlive-combined-full-2016/share/t
exmf/tex/latex/oberdiek/kvoptions.sty
Package: kvoptions 2016/05/16 v3.12 Key value format for package options (HO)
)
\@linkdim=\dimen169
\Hy@linkcounter=\count128
\Hy@pagecounter=\count129

(/nix/store/q5cpljriqyla3hwvm0f99mvnrgyc4fgk-texlive-combined-full-2016/share/t
exmf/tex/latex/hyperref/pd1enc.def
File: pd1enc.def 2016/05/21 v6.83p Hyperref: PDFDocEncoding definition (HO)
)
\Hy@SavedSpaceFactor=\count130

(/nix/store/q5cpljriqyla3hwvm0f99mvnrgyc4fgk-texlive-combined-full-2016/share/t
exmf/tex/latex/latexconfig/hyperref.cfg
File: hyperref.cfg 2002/06/06 v1.2 hyperref configuration of TeXLive
)
Package hyperref Info: Hyper figures OFF on input line 4486.
Package hyperref Info: Link nesting OFF on input line 4491.
Package hyperref Info: Hyper index ON on input line 4494.
Package hyperref Info: Plain pages OFF on input line 4501.
Package hyperref Info: Backreferencing OFF on input line 4506.
Package hyperref Info: Implicit mode ON; LaTeX internals redefined.
Package hyperref Info: Bookmarks ON on input line 4735.
\c@Hy@tempcnt=\count131

(/nix/store/q5cpljriqyla3hwvm0f99mvnrgyc4fgk-texlive-combined-full-2016/share/t
exmf/tex/latex/url/url.sty
\Urlmuskip=\muskip11
Package: url 2013/09/16  ver 3.4  Verb mode for urls, etc.
)
LaTeX Info: Redefining \url on input line 5088.
\XeTeXLinkMargin=\dimen170
\Fld@menulength=\count132
\Field@Width=\dimen171
\Fld@charsize=\dimen172
Package hyperref Info: Hyper figures OFF on input line 6342.
Package hyperref Info: Link nesting OFF on input line 6347.
Package hyperref Info: Hyper index ON on input line 6350.
Package hyperref Info: backreferencing OFF on input line 6357.
Package hyperref Info: Link coloring OFF on input line 6362.
Package hyperref Info: Link coloring with OCG OFF on input line 6367.
Package hyperref Info: PDF/A mode OFF on input line 6372.
LaTeX Info: Redefining \ref on input line 6412.
LaTeX Info: Redefining \pageref on input line 6416.
\Hy@abspage=\count133
\c@Item=\count134
\c@Hfootnote=\count135
)

Package hyperref Message: Driver (autodetected): hpdftex.


(/nix/store/q5cpljriqyla3hwvm0f99mvnrgyc4fgk-texlive-combined-full-2016/share/t
exmf/tex/latex/hyperref/hpdftex.def
File: hpdftex.def 2016/05/21 v6.83p Hyperref driver for pdfTeX
\Fld@listcount=\count136
\c@bookmark@seq@number=\count137

(/nix/store/q5cpljriqyla3hwvm0f99mvnrgyc4fgk-texlive-combined-full-2016/share/t
exmf/tex/latex/oberdiek/rerunfilecheck.sty
Package: rerunfilecheck 2016/05/16 v1.8 Rerun checks for auxiliary files (HO)
Package uniquecounter Info: New unique counter `rerunfilecheck' on input line 2
82.
)
\Hy@SectionHShift=\skip52
)
Package hyperref Info: Option `colorlinks' set `true' on input line 14.

(/nix/store/q5cpljriqyla3hwvm0f99mvnrgyc4fgk-texlive-combined-full-2016/share/t
exmf/tex/latex/caption/caption.sty
Package: caption 2016/02/21 v3.3-144 Customizing captions (AR)

(/nix/store/q5cpljriqyla3hwvm0f99mvnrgyc4fgk-texlive-combined-full-2016/share/t
exmf/tex/latex/caption/caption3.sty
Package: caption3 2016/05/22 v1.7-166 caption3 kernel (AR)
Package caption3 Info: TeX engine: e-TeX on input line 67.
\captionmargin=\dimen173
\captionmargin@=\dimen174
\captionwidth=\dimen175
\caption@tempdima=\dimen176
\caption@indent=\dimen177
\caption@parindent=\dimen178
\caption@hangindent=\dimen179
)
\c@ContinuedFloat=\count138
Package caption Info: hyperref package is loaded.
)
(/nix/store/q5cpljriqyla3hwvm0f99mvnrgyc4fgk-texlive-combined-full-2016/share/t
exmf/tex/latex/base/inputenc.sty
Package: inputenc 2015/03/17 v1.2c Input encoding file
\inpenc@prehook=\toks32
\inpenc@posthook=\toks33

(/nix/store/q5cpljriqyla3hwvm0f99mvnrgyc4fgk-texlive-combined-full-2016/share/t
exmf/tex/latex/base/utf8.def
File: utf8.def 2016/02/28 v1.1s UTF-8 support for inputenc
Now handling font encoding OML ...
... no UTF-8 mapping file for font encoding OML
Now handling font encoding T1 ...
... processing UTF-8 mapping file for font encoding T1

(/nix/store/q5cpljriqyla3hwvm0f99mvnrgyc4fgk-texlive-combined-full-2016/share/t
exmf/tex/latex/base/t1enc.dfu
File: t1enc.dfu 2016/02/28 v1.1s UTF-8 support for inputenc
   defining Unicode char U+00A0 (decimal 160)
   defining Unicode char U+00A1 (decimal 161)
   defining Unicode char U+00A3 (decimal 163)
   defining Unicode char U+00AB (decimal 171)
   defining Unicode char U+00AD (decimal 173)
   defining Unicode char U+00BB (decimal 187)
   defining Unicode char U+00BF (decimal 191)
   defining Unicode char U+00C0 (decimal 192)
   defining Unicode char U+00C1 (decimal 193)
   defining Unicode char U+00C2 (decimal 194)
   defining Unicode char U+00C3 (decimal 195)
   defining Unicode char U+00C4 (decimal 196)
   defining Unicode char U+00C5 (decimal 197)
   defining Unicode char U+00C6 (decimal 198)
   defining Unicode char U+00C7 (decimal 199)
   defining Unicode char U+00C8 (decimal 200)
   defining Unicode char U+00C9 (decimal 201)
   defining Unicode char U+00CA (decimal 202)
   defining Unicode char U+00CB (decimal 203)
   defining Unicode char U+00CC (decimal 204)
   defining Unicode char U+00CD (decimal 205)
   defining Unicode char U+00CE (decimal 206)
   defining Unicode char U+00CF (decimal 207)
   defining Unicode char U+00D0 (decimal 208)
   defining Unicode char U+00D1 (decimal 209)
   defining Unicode char U+00D2 (decimal 210)
   defining Unicode char U+00D3 (decimal 211)
   defining Unicode char U+00D4 (decimal 212)
   defining Unicode char U+00D5 (decimal 213)
   defining Unicode char U+00D6 (decimal 214)
   defining Unicode char U+00D8 (decimal 216)
   defining Unicode char U+00D9 (decimal 217)
   defining Unicode char U+00DA (decimal 218)
   defining Unicode char U+00DB (decimal 219)
   defining Unicode char U+00DC (decimal 220)
   defining Unicode char U+00DD (decimal 221)
   defining Unicode char U+00DE (decimal 222)
   defining Unicode char U+00DF (decimal 223)
   defining Unicode char U+00E0 (decimal 224)
   defining Unicode char U+00E1 (decimal 225)
   defining Unicode char U+00E2 (decimal 226)
   defining Unicode char U+00E3 (decimal 227)
   defining Unicode char U+00E4 (decimal 228)
   defining Unicode char U+00E5 (decimal 229)
   defining Unicode char U+00E6 (decimal 230)
   defining Unicode char U+00E7 (decimal 231)
   defining Unicode char U+00E8 (decimal 232)
   defining Unicode char U+00E9 (decimal 233)
   defining Unicode char U+00EA (decimal 234)
   defining Unicode char U+00EB (decimal 235)
   defining Unicode char U+00EC (decimal 236)
   defining Unicode char U+00ED (decimal 237)
   defining Unicode char U+00EE (decimal 238)
   defining Unicode char U+00EF (decimal 239)
   defining Unicode char U+00F0 (decimal 240)
   defining Unicode char U+00F1 (decimal 241)
   defining Unicode char U+00F2 (decimal 242)
   defining Unicode char U+00F3 (decimal 243)
   defining Unicode char U+00F4 (decimal 244)
   defining Unicode char U+00F5 (decimal 245)
   defining Unicode char U+00F6 (decimal 246)
   defining Unicode char U+00F8 (decimal 248)
   defining Unicode char U+00F9 (decimal 249)
   defining Unicode char U+00FA (decimal 250)
   defining Unicode char U+00FB (decimal 251)
   defining Unicode char U+00FC (decimal 252)
   defining Unicode char U+00FD (decimal 253)
   defining Unicode char U+00FE (decimal 254)
   defining Unicode char U+00FF (decimal 255)
   defining Unicode char U+0100 (decimal 256)
   defining Unicode char U+0101 (decimal 257)
   defining Unicode char U+0102 (decimal 258)
   defining Unicode char U+0103 (decimal 259)
   defining Unicode char U+0104 (decimal 260)
   defining Unicode char U+0105 (decimal 261)
   defining Unicode char U+0106 (decimal 262)
   defining Unicode char U+0107 (decimal 263)
   defining Unicode char U+0108 (decimal 264)
   defining Unicode char U+0109 (decimal 265)
   defining Unicode char U+010A (decimal 266)
   defining Unicode char U+010B (decimal 267)
   defining Unicode char U+010C (decimal 268)
   defining Unicode char U+010D (decimal 269)
   defining Unicode char U+010E (decimal 270)
   defining Unicode char U+010F (decimal 271)
   defining Unicode char U+0110 (decimal 272)
   defining Unicode char U+0111 (decimal 273)
   defining Unicode char U+0112 (decimal 274)
   defining Unicode char U+0113 (decimal 275)
   defining Unicode char U+0114 (decimal 276)
   defining Unicode char U+0115 (decimal 277)
   defining Unicode char U+0116 (decimal 278)
   defining Unicode char U+0117 (decimal 279)
   defining Unicode char U+0118 (decimal 280)
   defining Unicode char U+0119 (decimal 281)
   defining Unicode char U+011A (decimal 282)
   defining Unicode char U+011B (decimal 283)
   defining Unicode char U+011C (decimal 284)
   defining Unicode char U+011D (decimal 285)
   defining Unicode char U+011E (decimal 286)
   defining Unicode char U+011F (decimal 287)
   defining Unicode char U+0120 (decimal 288)
   defining Unicode char U+0121 (decimal 289)
   defining Unicode char U+0122 (decimal 290)
   defining Unicode char U+0123 (decimal 291)
   defining Unicode char U+0124 (decimal 292)
   defining Unicode char U+0125 (decimal 293)
   defining Unicode char U+0128 (decimal 296)
   defining Unicode char U+0129 (decimal 297)
   defining Unicode char U+012A (decimal 298)
   defining Unicode char U+012B (decimal 299)
   defining Unicode char U+012C (decimal 300)
   defining Unicode char U+012D (decimal 301)
   defining Unicode char U+012E (decimal 302)
   defining Unicode char U+012F (decimal 303)
   defining Unicode char U+0130 (decimal 304)
   defining Unicode char U+0131 (decimal 305)
   defining Unicode char U+0132 (decimal 306)
   defining Unicode char U+0133 (decimal 307)
   defining Unicode char U+0134 (decimal 308)
   defining Unicode char U+0135 (decimal 309)
   defining Unicode char U+0136 (decimal 310)
   defining Unicode char U+0137 (decimal 311)
   defining Unicode char U+0139 (decimal 313)
   defining Unicode char U+013A (decimal 314)
   defining Unicode char U+013B (decimal 315)
   defining Unicode char U+013C (decimal 316)
   defining Unicode char U+013D (decimal 317)
   defining Unicode char U+013E (decimal 318)
   defining Unicode char U+0141 (decimal 321)
   defining Unicode char U+0142 (decimal 322)
   defining Unicode char U+0143 (decimal 323)
   defining Unicode char U+0144 (decimal 324)
   defining Unicode char U+0145 (decimal 325)
   defining Unicode char U+0146 (decimal 326)
   defining Unicode char U+0147 (decimal 327)
   defining Unicode char U+0148 (decimal 328)
   defining Unicode char U+014A (decimal 330)
   defining Unicode char U+014B (decimal 331)
   defining Unicode char U+014C (decimal 332)
   defining Unicode char U+014D (decimal 333)
   defining Unicode char U+014E (decimal 334)
   defining Unicode char U+014F (decimal 335)
   defining Unicode char U+0150 (decimal 336)
   defining Unicode char U+0151 (decimal 337)
   defining Unicode char U+0152 (decimal 338)
   defining Unicode char U+0153 (decimal 339)
   defining Unicode char U+0154 (decimal 340)
   defining Unicode char U+0155 (decimal 341)
   defining Unicode char U+0156 (decimal 342)
   defining Unicode char U+0157 (decimal 343)
   defining Unicode char U+0158 (decimal 344)
   defining Unicode char U+0159 (decimal 345)
   defining Unicode char U+015A (decimal 346)
   defining Unicode char U+015B (decimal 347)
   defining Unicode char U+015C (decimal 348)
   defining Unicode char U+015D (decimal 349)
   defining Unicode char U+015E (decimal 350)
   defining Unicode char U+015F (decimal 351)
   defining Unicode char U+0160 (decimal 352)
   defining Unicode char U+0161 (decimal 353)
   defining Unicode char U+0162 (decimal 354)
   defining Unicode char U+0163 (decimal 355)
   defining Unicode char U+0164 (decimal 356)
   defining Unicode char U+0165 (decimal 357)
   defining Unicode char U+0168 (decimal 360)
   defining Unicode char U+0169 (decimal 361)
   defining Unicode char U+016A (decimal 362)
   defining Unicode char U+016B (decimal 363)
   defining Unicode char U+016C (decimal 364)
   defining Unicode char U+016D (decimal 365)
   defining Unicode char U+016E (decimal 366)
   defining Unicode char U+016F (decimal 367)
   defining Unicode char U+0170 (decimal 368)
   defining Unicode char U+0171 (decimal 369)
   defining Unicode char U+0172 (decimal 370)
   defining Unicode char U+0173 (decimal 371)
   defining Unicode char U+0174 (decimal 372)
   defining Unicode char U+0175 (decimal 373)
   defining Unicode char U+0176 (decimal 374)
   defining Unicode char U+0177 (decimal 375)
   defining Unicode char U+0178 (decimal 376)
   defining Unicode char U+0179 (decimal 377)
   defining Unicode char U+017A (decimal 378)
   defining Unicode char U+017B (decimal 379)
   defining Unicode char U+017C (decimal 380)
   defining Unicode char U+017D (decimal 381)
   defining Unicode char U+017E (decimal 382)
   defining Unicode char U+01CD (decimal 461)
   defining Unicode char U+01CE (decimal 462)
   defining Unicode char U+01CF (decimal 463)
   defining Unicode char U+01D0 (decimal 464)
   defining Unicode char U+01D1 (decimal 465)
   defining Unicode char U+01D2 (decimal 466)
   defining Unicode char U+01D3 (decimal 467)
   defining Unicode char U+01D4 (decimal 468)
   defining Unicode char U+01E2 (decimal 482)
   defining Unicode char U+01E3 (decimal 483)
   defining Unicode char U+01E6 (decimal 486)
   defining Unicode char U+01E7 (decimal 487)
   defining Unicode char U+01E8 (decimal 488)
   defining Unicode char U+01E9 (decimal 489)
   defining Unicode char U+01EA (decimal 490)
   defining Unicode char U+01EB (decimal 491)
   defining Unicode char U+01F0 (decimal 496)
   defining Unicode char U+01F4 (decimal 500)
   defining Unicode char U+01F5 (decimal 501)
   defining Unicode char U+0218 (decimal 536)
   defining Unicode char U+0219 (decimal 537)
   defining Unicode char U+021A (decimal 538)
   defining Unicode char U+021B (decimal 539)
   defining Unicode char U+1E02 (decimal 7682)
   defining Unicode char U+1E03 (decimal 7683)
   defining Unicode char U+200C (decimal 8204)
   defining Unicode char U+2010 (decimal 8208)
   defining Unicode char U+2011 (decimal 8209)
   defining Unicode char U+2012 (decimal 8210)
   defining Unicode char U+2013 (decimal 8211)
   defining Unicode char U+2014 (decimal 8212)
   defining Unicode char U+2015 (decimal 8213)
   defining Unicode char U+2018 (decimal 8216)
   defining Unicode char U+2019 (decimal 8217)
   defining Unicode char U+201A (decimal 8218)
   defining Unicode char U+201C (decimal 8220)
   defining Unicode char U+201D (decimal 8221)
   defining Unicode char U+201E (decimal 8222)
   defining Unicode char U+2030 (decimal 8240)
   defining Unicode char U+2031 (decimal 8241)
   defining Unicode char U+2039 (decimal 8249)
   defining Unicode char U+203A (decimal 8250)
   defining Unicode char U+2423 (decimal 9251)
)
Now handling font encoding OT1 ...
... processing UTF-8 mapping file for font encoding OT1

(/nix/store/q5cpljriqyla3hwvm0f99mvnrgyc4fgk-texlive-combined-full-2016/share/t
exmf/tex/latex/base/ot1enc.dfu
File: ot1enc.dfu 2016/02/28 v1.1s UTF-8 support for inputenc
   defining Unicode char U+00A0 (decimal 160)
   defining Unicode char U+00A1 (decimal 161)
   defining Unicode char U+00A3 (decimal 163)
   defining Unicode char U+00AD (decimal 173)
   defining Unicode char U+00B8 (decimal 184)
   defining Unicode char U+00BF (decimal 191)
   defining Unicode char U+00C5 (decimal 197)
   defining Unicode char U+00C6 (decimal 198)
   defining Unicode char U+00D8 (decimal 216)
   defining Unicode char U+00DF (decimal 223)
   defining Unicode char U+00E6 (decimal 230)
   defining Unicode char U+00EC (decimal 236)
   defining Unicode char U+00ED (decimal 237)
   defining Unicode char U+00EE (decimal 238)
   defining Unicode char U+00EF (decimal 239)
   defining Unicode char U+00F8 (decimal 248)
   defining Unicode char U+0131 (decimal 305)
   defining Unicode char U+0141 (decimal 321)
   defining Unicode char U+0142 (decimal 322)
   defining Unicode char U+0152 (decimal 338)
   defining Unicode char U+0153 (decimal 339)
   defining Unicode char U+0174 (decimal 372)
   defining Unicode char U+0175 (decimal 373)
   defining Unicode char U+0176 (decimal 374)
   defining Unicode char U+0177 (decimal 375)
   defining Unicode char U+0218 (decimal 536)
   defining Unicode char U+0219 (decimal 537)
   defining Unicode char U+021A (decimal 538)
   defining Unicode char U+021B (decimal 539)
   defining Unicode char U+2013 (decimal 8211)
   defining Unicode char U+2014 (decimal 8212)
   defining Unicode char U+2018 (decimal 8216)
   defining Unicode char U+2019 (decimal 8217)
   defining Unicode char U+201C (decimal 8220)
   defining Unicode char U+201D (decimal 8221)
)
Now handling font encoding OMS ...
... processing UTF-8 mapping file for font encoding OMS

(/nix/store/q5cpljriqyla3hwvm0f99mvnrgyc4fgk-texlive-combined-full-2016/share/t
exmf/tex/latex/base/omsenc.dfu
File: omsenc.dfu 2016/02/28 v1.1s UTF-8 support for inputenc
   defining Unicode char U+00A7 (decimal 167)
   defining Unicode char U+00B6 (decimal 182)
   defining Unicode char U+00B7 (decimal 183)
   defining Unicode char U+2020 (decimal 8224)
   defining Unicode char U+2021 (decimal 8225)
   defining Unicode char U+2022 (decimal 8226)
)
Now handling font encoding OMX ...
... no UTF-8 mapping file for font encoding OMX
Now handling font encoding U ...
... no UTF-8 mapping file for font encoding U
Now handling font encoding PD1 ...
... no UTF-8 mapping file for font encoding PD1
   defining Unicode char U+00A9 (decimal 169)
   defining Unicode char U+00AA (decimal 170)
   defining Unicode char U+00AE (decimal 174)
   defining Unicode char U+00BA (decimal 186)
   defining Unicode char U+02C6 (decimal 710)
   defining Unicode char U+02DC (decimal 732)
   defining Unicode char U+200C (decimal 8204)
   defining Unicode char U+2026 (decimal 8230)
   defining Unicode char U+2122 (decimal 8482)
   defining Unicode char U+2423 (decimal 9251)
))
(/nix/store/q5cpljriqyla3hwvm0f99mvnrgyc4fgk-texlive-combined-full-2016/share/t
exmf/tex/generic/babel/babel.sty
Package: babel 2016/04/23 3.9r The Babel package

(/nix/store/q5cpljriqyla3hwvm0f99mvnrgyc4fgk-texlive-combined-full-2016/share/t
exmf/tex/generic/babel-english/english.ldf
Language: english 2012/08/20 v3.3p English support from the babel system

(/nix/store/q5cpljriqyla3hwvm0f99mvnrgyc4fgk-texlive-combined-full-2016/share/t
exmf/tex/generic/babel/babel.def
File: babel.def 2016/04/23 3.9r Babel common definitions
\babel@savecnt=\count139
\U@D=\dimen180
)
\l@canadian = a dialect from \language\l@american 
\l@australian = a dialect from \language\l@british 
\l@newzealand = a dialect from \language\l@british 
))
(/nix/store/q5cpljriqyla3hwvm0f99mvnrgyc4fgk-texlive-combined-full-2016/share/t
exmf/tex/latex/base/fontenc.sty
Package: fontenc 2005/09/27 v1.99g Standard LaTeX package

(/nix/store/q5cpljriqyla3hwvm0f99mvnrgyc4fgk-texlive-combined-full-2016/share/t
exmf/tex/latex/base/t1enc.def
File: t1enc.def 2005/09/27 v1.99g Standard LaTeX file
LaTeX Font Info:    Redeclaring font encoding T1 on input line 48.
))
(/nix/store/q5cpljriqyla3hwvm0f99mvnrgyc4fgk-texlive-combined-full-2016/share/t
exmf/tex/latex/psnfss/helvet.sty
Package: helvet 2005/04/12 PSNFSS-v9.2a (WaS) 
)
(/nix/store/q5cpljriqyla3hwvm0f99mvnrgyc4fgk-texlive-combined-full-2016/share/t
exmf/tex/latex/was/gensymb.sty
Package: gensymb 2003/07/02 v1.0 (WaS)
)
(/nix/store/q5cpljriqyla3hwvm0f99mvnrgyc4fgk-texlive-combined-full-2016/share/t
exmf/tex/latex/algorithms/algorithm.sty
Package: algorithm 2009/08/24 v0.1 Document Style `algorithm' - floating enviro
nment

(/nix/store/q5cpljriqyla3hwvm0f99mvnrgyc4fgk-texlive-combined-full-2016/share/t
exmf/tex/latex/float/float.sty
Package: float 2001/11/08 v1.3d Float enhancements (AL)
\c@float@type=\count140
\float@exts=\toks34
\float@box=\box65
\@float@everytoks=\toks35
\@floatcapt=\box66
)
(/nix/store/q5cpljriqyla3hwvm0f99mvnrgyc4fgk-texlive-combined-full-2016/share/t
exmf/tex/latex/base/ifthen.sty
Package: ifthen 2014/09/29 v1.1c Standard LaTeX ifthen package (DPC)
)
\@float@every@algorithm=\toks36
\c@algorithm=\count141
)
(/nix/store/q5cpljriqyla3hwvm0f99mvnrgyc4fgk-texlive-combined-full-2016/share/t
exmf/tex/latex/algorithmicx/algpseudocode.sty
Package: algpseudocode 

(/nix/store/q5cpljriqyla3hwvm0f99mvnrgyc4fgk-texlive-combined-full-2016/share/t
exmf/tex/latex/algorithmicx/algorithmicx.sty
Package: algorithmicx 2005/04/27 v1.2 Algorithmicx

Document Style algorithmicx 1.2 - a greatly improved `algorithmic' style
\c@ALG@line=\count142
\c@ALG@rem=\count143
\c@ALG@nested=\count144
\ALG@tlm=\skip53
\ALG@thistlm=\skip54
\c@ALG@Lnr=\count145
\c@ALG@blocknr=\count146
\c@ALG@storecount=\count147
\c@ALG@tmpcounter=\count148
\ALG@tmplength=\skip55
)
Document Style - pseudocode environments for use with the `algorithmicx' style
)
(/nix/store/q5cpljriqyla3hwvm0f99mvnrgyc4fgk-texlive-combined-full-2016/share/t
exmf/tex/latex/adjustbox/adjustbox.sty
Package: adjustbox 2012/05/21 v1.0 Adjusting TeX boxes (trim, clip, ...)

(/nix/store/q5cpljriqyla3hwvm0f99mvnrgyc4fgk-texlive-combined-full-2016/share/t
exmf/tex/latex/xkeyval/xkeyval.sty
Package: xkeyval 2014/12/03 v2.7a package option processing (HA)

(/nix/store/q5cpljriqyla3hwvm0f99mvnrgyc4fgk-texlive-combined-full-2016/share/t
exmf/tex/generic/xkeyval/xkeyval.tex
(/nix/store/q5cpljriqyla3hwvm0f99mvnrgyc4fgk-texlive-combined-full-2016/share/t
exmf/tex/generic/xkeyval/xkvutils.tex
\XKV@toks=\toks37
\XKV@tempa@toks=\toks38
)
\XKV@depth=\count149
File: xkeyval.tex 2014/12/03 v2.7a key=value parser (HA)
))
(/nix/store/q5cpljriqyla3hwvm0f99mvnrgyc4fgk-texlive-combined-full-2016/share/t
exmf/tex/latex/adjustbox/adjcalc.sty
Package: adjcalc 2012/05/16 v1.1 Provides advanced setlength with multiple back
-ends (calc, etex, pgfmath)
)
(/nix/store/q5cpljriqyla3hwvm0f99mvnrgyc4fgk-texlive-combined-full-2016/share/t
exmf/tex/latex/adjustbox/trimclip.sty
Package: trimclip 2012/05/16 v1.0 Trim and clip general TeX material

(/nix/store/q5cpljriqyla3hwvm0f99mvnrgyc4fgk-texlive-combined-full-2016/share/t
exmf/tex/latex/collectbox/collectbox.sty
Package: collectbox 2012/05/17 v0.4b Collect macro arguments as boxes
\collectedbox=\box67
)
\tc@llx=\dimen181
\tc@lly=\dimen182
\tc@urx=\dimen183
\tc@ury=\dimen184
Package trimclip Info: Using driver 'tc-pdftex.def'.

(/nix/store/q5cpljriqyla3hwvm0f99mvnrgyc4fgk-texlive-combined-full-2016/share/t
exmf/tex/latex/adjustbox/tc-pdftex.def
File: tc-pdftex.def 2012/05/13 v1.0 Clipping driver for pdftex
))
\adjbox@Width=\dimen185
\adjbox@Height=\dimen186
\adjbox@Depth=\dimen187
\adjbox@Totalheight=\dimen188

(/nix/store/q5cpljriqyla3hwvm0f99mvnrgyc4fgk-texlive-combined-full-2016/share/t
exmf/tex/latex/ifoddpage/ifoddpage.sty
Package: ifoddpage 2016/04/23 v1.1 Conditionals for odd/even page detection
\c@checkoddpage=\count150
)
(/nix/store/q5cpljriqyla3hwvm0f99mvnrgyc4fgk-texlive-combined-full-2016/share/t
exmf/tex/latex/varwidth/varwidth.sty
Package: varwidth 2009/03/30 ver 0.92;  Variable-width minipages
\@vwid@box=\box68
\sift@deathcycles=\count151
\@vwid@loff=\dimen189
\@vwid@roff=\dimen190
))
(/nix/store/q5cpljriqyla3hwvm0f99mvnrgyc4fgk-texlive-combined-full-2016/share/t
exmf/tex/latex/geometry/geometry.sty
Package: geometry 2010/09/12 v5.6 Page Geometry
\Gm@cnth=\count152
\Gm@cntv=\count153
\c@Gm@tempcnt=\count154
\Gm@bindingoffset=\dimen191
\Gm@wd@mp=\dimen192
\Gm@odd@mp=\dimen193
\Gm@even@mp=\dimen194
\Gm@layoutwidth=\dimen195
\Gm@layoutheight=\dimen196
\Gm@layouthoffset=\dimen197
\Gm@layoutvoffset=\dimen198
\Gm@dimlist=\toks39
)
(/nix/store/q5cpljriqyla3hwvm0f99mvnrgyc4fgk-texlive-combined-full-2016/share/t
exmf/tex/latex/oberdiek/grffile.sty
Package: grffile 2016/05/16 v1.17 Extended file name support for graphics (HO)
Package grffile Info: Option `multidot' is set to `true'.
Package grffile Info: Option `extendedchars' is set to `false'.
Package grffile Info: Option `space' is set to `true'.
Package grffile Info: \Gin@ii of package `graphicx' fixed on input line 486.
)
(/nix/store/q5cpljriqyla3hwvm0f99mvnrgyc4fgk-texlive-combined-full-2016/share/t
exmf/tex/latex/fancyhdr/fancyhdr.sty
\fancy@headwidth=\skip56
\f@ncyO@elh=\skip57
\f@ncyO@erh=\skip58
\f@ncyO@olh=\skip59
\f@ncyO@orh=\skip60
\f@ncyO@elf=\skip61
\f@ncyO@erf=\skip62
\f@ncyO@olf=\skip63
\f@ncyO@orf=\skip64
) (./main.aux)
\openout1 = `main.aux'.

LaTeX Font Info:    Checking defaults for OML/cmm/m/it on input line 90.
LaTeX Font Info:    ... okay on input line 90.
LaTeX Font Info:    Checking defaults for T1/cmr/m/n on input line 90.
LaTeX Font Info:    ... okay on input line 90.
LaTeX Font Info:    Checking defaults for OT1/cmr/m/n on input line 90.
LaTeX Font Info:    ... okay on input line 90.
LaTeX Font Info:    Checking defaults for OMS/cmsy/m/n on input line 90.
LaTeX Font Info:    ... okay on input line 90.
LaTeX Font Info:    Checking defaults for OMX/cmex/m/n on input line 90.
LaTeX Font Info:    ... okay on input line 90.
LaTeX Font Info:    Checking defaults for U/cmr/m/n on input line 90.
LaTeX Font Info:    ... okay on input line 90.
LaTeX Font Info:    Checking defaults for PD1/pdf/m/n on input line 90.
LaTeX Font Info:    ... okay on input line 90.

ABD: EveryShipout initializing macros
(/nix/store/q5cpljriqyla3hwvm0f99mvnrgyc4fgk-texlive-combined-full-2016/share/t
exmf/tex/context/base/mkii/supp-pdf.mkii
[Loading MPS to PDF converter (version 2006.09.02).]
\scratchcounter=\count155
\scratchdimen=\dimen199
\scratchbox=\box69
\nofMPsegments=\count156
\nofMParguments=\count157
\everyMPshowfont=\toks40
\MPscratchCnt=\count158
\MPscratchDim=\dimen256
\MPnumerator=\count159
\makeMPintoPDFobject=\count160
\everyMPtoPDFconversion=\toks41
)
(/nix/store/q5cpljriqyla3hwvm0f99mvnrgyc4fgk-texlive-combined-full-2016/share/t
exmf/tex/latex/oberdiek/epstopdf-base.sty
Package: epstopdf-base 2016/05/15 v2.6 Base part for package epstopdf

(/nix/store/q5cpljriqyla3hwvm0f99mvnrgyc4fgk-texlive-combined-full-2016/share/t
exmf/tex/latex/oberdiek/grfext.sty
Package: grfext 2016/05/16 v1.2 Manage graphics extensions (HO)
)
Package epstopdf-base Info: Redefining graphics rule for `.eps' on input line 4
38.
Package grfext Info: Graphics extension search list:
(grfext)             [.png,.pdf,.jpg,.mps,.jpeg,.jbig2,.jb2,.PNG,.PDF,.JPG,.JPE
G,.JBIG2,.JB2,.eps]
(grfext)             \AppendGraphicsExtensions on input line 456.

(/nix/store/q5cpljriqyla3hwvm0f99mvnrgyc4fgk-texlive-combined-full-2016/share/t
exmf/tex/latex/latexconfig/epstopdf-sys.cfg
File: epstopdf-sys.cfg 2010/07/13 v1.3 Configuration of (r)epstopdf for TeX Liv
e
))
\AtBeginShipoutBox=\box70
Package hyperref Info: Link coloring ON on input line 90.

(/nix/store/q5cpljriqyla3hwvm0f99mvnrgyc4fgk-texlive-combined-full-2016/share/t
exmf/tex/latex/hyperref/nameref.sty
Package: nameref 2016/05/21 v2.44 Cross-referencing by name of section

(/nix/store/q5cpljriqyla3hwvm0f99mvnrgyc4fgk-texlive-combined-full-2016/share/t
exmf/tex/generic/oberdiek/gettitlestring.sty
Package: gettitlestring 2016/05/16 v1.5 Cleanup title references (HO)
)
\c@section@level=\count161
)
LaTeX Info: Redefining \ref on input line 90.
LaTeX Info: Redefining \pageref on input line 90.
LaTeX Info: Redefining \nameref on input line 90.
 (./main.out) (./main.out)
\@outlinefile=\write4
\openout4 = `main.out'.

Package caption Info: Begin \AtBeginDocument code.
Package caption Info: float package is loaded.
Package caption Info: End \AtBeginDocument code.
LaTeX Info: Redefining \celsius on input line 90.
Package gensymb Info: Faking symbols for \degree and \celsius on input line 90.



Package gensymb Warning: Not defining \perthousand.

LaTeX Info: Redefining \ohm on input line 90.
Package gensymb Info: Using \Omega for \ohm on input line 90.

Package gensymb Warning: Not defining \micro.

*geometry* driver: auto-detecting
*geometry* detected driver: pdftex
*geometry* verbose mode - [ preamble ] result:
* driver: pdftex
* paper: a4paper
* layout: <same size as paper>
* layoutoffset:(h,v)=(0.0pt,0.0pt)
* modes: 
* h-part:(L,W,R)=(89.62709pt, 418.25368pt, 89.6271pt)
* v-part:(T,H,B)=(101.40665pt, 591.5302pt, 152.11pt)
* \paperwidth=597.50787pt
* \paperheight=845.04684pt
* \textwidth=418.25368pt
* \textheight=650.0pt
* \oddsidemargin=17.3571pt
* \evensidemargin=17.3571pt
* \topmargin=29.13666pt
* \headheight=13.6pt
* \headsep=0.0pt
* \topskip=11.0pt
* \footskip=20.0pt
* \marginparwidth=50.0pt
* \marginparsep=10.0pt
* \columnsep=28.45274pt
* \skip\footins=10.0pt plus 4.0pt minus 2.0pt
* \hoffset=0.0pt
* \voffset=0.0pt
* \mag=1000
* \@twocolumnfalse
* \@twosidefalse
* \@mparswitchfalse
* \@reversemarginfalse
* (1in=72.27pt=25.4mm, 1cm=28.453pt)

<../figures_trabalho_final/ufrj_logo.jpg, id=43, 471.7625pt x 107.40125pt>
File: ../figures_trabalho_final/ufrj_logo.jpg Graphic file (type jpg)

<use ../figures_trabalho_final/ufrj_logo.jpg>
Package pdftex.def Info: ../figures_trabalho_final/ufrj_logo.jpg used on input 
line 93.
(pdftex.def)             Requested size: 334.60422pt x 76.17674pt.

<../figures_trabalho_final/neural_network.png, id=44, 306.14375pt x 165.61874pt
>
File: ../figures_trabalho_final/neural_network.png Graphic file (type png)
 <use ../figures_trabalho_final/neural_network.png>
Package pdftex.def Info: ../figures_trabalho_final/neural_network.png used on i
nput line 93.
(pdftex.def)             Requested size: 271.86234pt x 147.07925pt.
 [1

{/nix/store/q5cpljriqyla3hwvm0f99mvnrgyc4fgk-texlive-combined-full-2016/share/t
exmf/fonts/map/pdftex/updmap/pdftex.map} <../figures_trabalho_final/ufrj_logo.j
pg> <../figures_trabalho_final/neural_network.png>] (./main.toc)
\tf@toc=\write5
\openout5 = `main.toc'.

 [2]

Package caption Warning: The option `hypcap=true' will be ignored for this
(caption)                particular \caption on input line 152.
See the caption package documentation for explanation.

<../figures_trabalho_final/resume_dataset.png, id=77, 909.3975pt x 285.065pt>
File: ../figures_trabalho_final/resume_dataset.png Graphic file (type png)

<use ../figures_trabalho_final/resume_dataset.png>
Package pdftex.def Info: ../figures_trabalho_final/resume_dataset.png used on i
nput line 161.
(pdftex.def)             Requested size: 345.57465pt x 108.32582pt.
 [3]
<../figures_trabalho_final/step_df.png, id=85, 1381.8024pt x 180.675pt>
File: ../figures_trabalho_final/step_df.png Graphic file (type png)

<use ../figures_trabalho_final/step_df.png>
Package pdftex.def Info: ../figures_trabalho_final/step_df.png used on input li
ne 172.
(pdftex.def)             Requested size: 418.25368pt x 54.68811pt.


Package multicol Warning: Using `1' columns doesn't seem a good idea.
 I therefore use two columns instead on input line 183.


! LaTeX Error: Environment wrapfigure undefined.

See the LaTeX manual or LaTeX Companion for explanation.
Type  H <return>  for immediate help.
 ...                                              
                                                  
l.185 \begin{wrapfigure}
                        {l}{0.8\linewidth}
Your command was ignored.
Type  I <command> <return>  to replace it with another command,
or  <return>  to continue without it.

! Missing number, treated as zero.
<to be read again> 
                   }
l.185 \begin{wrapfigure}{l}{0.8\linewidth}
                                          
A number should have been here; I inserted `0'.
(If you can't figure out why I needed to see a number,
look up `weird error' in the index to The TeXbook.)

! Illegal unit of measure (pt inserted).
<to be read again> 
                   }
l.185 \begin{wrapfigure}{l}{0.8\linewidth}
                                          
Dimensions can be in units of em, ex, in, pt, pc,
cm, mm, dd, cc, nd, nc, bp, or sp; but yours is a new one!
I'll assume that you meant to say pt, for printer's points.
To recover gracefully from this error, it's best to
delete the erroneous units; e.g., type `2' to delete
two letters. (See Chapter 27 of The TeXbook.)


<../figures_trabalho_final/classification_consomation.png, id=87, 555.07375pt x
 506.89375pt>
File: ../figures_trabalho_final/classification_consomation.png Graphic file (ty
pe png)
 <use ../figures_trabalho_final/classification_consomation.png>
Package pdftex.def Info: ../figures_trabalho_final/classification_consomation.p
ng used on input line 186.
(pdftex.def)             Requested size: 185.15485pt x 169.08534pt.


Package caption Warning: The option `hypcap=true' will be ignored for this
(caption)                particular \caption on input line 187.
See the caption package documentation for explanation.


Overfull \hbox (9.61606pt too wide) in paragraph at lines 185--187
[]\T1/cmr/m/n/10.95 l0.8 [] 
 []


! LaTeX Error: \begin{multicols} on input line 183 ended by \end{wrapfigure}.

See the LaTeX manual or LaTeX Companion for explanation.
Type  H <return>  for immediate help.
 ...                                              
                                                  
l.188 \end{wrapfigure}
                      
Your command was ignored.
Type  I <command> <return>  to replace it with another command,
or  <return>  to continue without it.

[4 <../figures_trabalho_final/resume_dataset.png> <../figures_trabalho_final/st
ep_df.png> <../figures_trabalho_final/classification_consomation.png>]
! Missing number, treated as zero.
<to be read again> 
                   \ALG@b@2@EndFor@0 
l.210   \EndFor
               
A number should have been here; I inserted `0'.
(If you can't figure out why I needed to see a number,
look up `weird error' in the index to The TeXbook.)


! Package algorithmicx Error: Some blocks are not closed!!!.

See the algorithmicx package documentation for explanation.
Type  H <return>  for immediate help.
 ...                                              
                                                  
l.211 \end{algorithmic}
                       
This error message was generated by an \errmessage
command, so I can't give any explicit help.
Pretend that you're Hercule Poirot: Examine all clues,
and deduce the truth by order and method.


<../figures_trabalho_final/step_df_classif.png, id=98, 1381.8024pt x 180.675pt>
File: ../figures_trabalho_final/step_df_classif.png Graphic file (type png)
<use ../figures_trabalho_final/step_df_classif.png>
Package pdftex.def Info: ../figures_trabalho_final/step_df_classif.png used on 
input line 217.
(pdftex.def)             Requested size: 418.25368pt x 54.68811pt.

<../figures_trabalho_final/IEEE.jpg, id=99, 798.73407pt x 427.5975pt>
File: ../figures_trabalho_final/IEEE.jpg Graphic file (type jpg)

<use ../figures_trabalho_final/IEEE.jpg>
Package pdftex.def Info: ../figures_trabalho_final/IEEE.jpg used on input line 
229.
(pdftex.def)             Requested size: 334.60422pt x 179.12646pt.

<../figures_trabalho_final/step_df_bin_classif.png, id=100, 1381.8024pt x 180.6
75pt>
File: ../figures_trabalho_final/step_df_bin_classif.png Graphic file (type png)

 <use ../figures_trabalho_final/step_df_bin_classif.png>
Package pdftex.def Info: ../figures_trabalho_final/step_df_bin_classif.png used
 on input line 238.
(pdftex.def)             Requested size: 418.25368pt x 54.68811pt.
 [5 <../figures_trabalho_final/step_df_classif.png> <../figures_trabalho_final/
IEEE.jpg>]
LaTeX Font Info:    Try loading font information for OMS+cmr on input line 250.


(/nix/store/q5cpljriqyla3hwvm0f99mvnrgyc4fgk-texlive-combined-full-2016/share/t
exmf/tex/latex/base/omscmr.fd
File: omscmr.fd 2014/09/29 v2.5h Standard LaTeX font definitions
)
LaTeX Font Info:    Font shape `OMS/cmr/m/n' in size <10.95> not available
(Font)              Font shape `OMS/cmsy/m/n' tried instead on input line 250.

<../figures_trabalho_final/wisard_parameters_results.png, id=111, 785.5749pt x 
448.074pt>
File: ../figures_trabalho_final/wisard_parameters_results.png Graphic file (typ
e png)
 <use ../figures_trabalho_final/wisard_parameters_results.png>
Package pdftex.def Info: ../figures_trabalho_final/wisard_parameters_results.pn
g used on input line 267.
(pdftex.def)             Requested size: 418.25368pt x 238.56517pt.

[6 <../figures_trabalho_final/step_df_bin_classif.png> <../figures_trabalho_fin
al/wisard_parameters_results.png>]
<../figures_trabalho_final/overall_results.png, id=120, 755.2215pt x 268.1217pt
>
File: ../figures_trabalho_final/overall_results.png Graphic file (type png)
 <use ../figures_trabalho_final/overall_results.png>
Package pdftex.def Info: ../figures_trabalho_final/overall_results.png used on 
input line 285.
(pdftex.def)             Requested size: 418.25368pt x 148.49019pt.
LaTeX Font Info:    Try loading font information for T1+cmtt on input line 302.


(/nix/store/q5cpljriqyla3hwvm0f99mvnrgyc4fgk-texlive-combined-full-2016/share/t
exmf/tex/latex/base/t1cmtt.fd
File: t1cmtt.fd 2014/09/29 v2.5h Standard LaTeX font definitions
) [7 <../figures_trabalho_final/overall_results.png>]
Package atveryend Info: Empty hook `BeforeClearDocument' on input line 314.
Package atveryend Info: Empty hook `AfterLastShipout' on input line 314.
 (./main.aux)
Package atveryend Info: Executing hook `AtVeryEndDocument' on input line 314.
Package atveryend Info: Executing hook `AtEndAfterFileList' on input line 314.
Package rerunfilecheck Info: File `main.out' has not changed.
(rerunfilecheck)             Checksum: 378498C3054990D5C4DED997E3C0AA31;520.
Package atveryend Info: Empty hook `AtVeryVeryEnd' on input line 314.
 ) 
Here is how much of TeX's memory you used:
 19721 strings out of 492960
 373480 string characters out of 6109142
 437272 words of memory out of 5000000
 22854 multiletter control sequences out of 15000+600000
 16143 words of font info for 41 fonts, out of 8000000 for 9000
 1181 hyphenation exceptions out of 8191
 55i,11n,77p,405b,447s stack positions out of 5000i,500n,10000p,200000b,80000s
{/nix/store/q5cpljriqyla3hwvm0f99mvnrgyc4fgk-texlive-combined-full-2016/share
/texmf/fonts/enc/dvips/cm-super/cm-super-t1.enc}</nix/store/q5cpljriqyla3hwvm0f
99mvnrgyc4fgk-texlive-combined-full-2016/share/texmf/fonts/type1/public/amsfont
s/cm/cmmi10.pfb></nix/store/q5cpljriqyla3hwvm0f99mvnrgyc4fgk-texlive-combined-f
ull-2016/share/texmf/fonts/type1/public/amsfonts/cm/cmr10.pfb></nix/store/q5cpl
jriqyla3hwvm0f99mvnrgyc4fgk-texlive-combined-full-2016/share/texmf/fonts/type1/
public/amsfonts/cm/cmr8.pfb></nix/store/q5cpljriqyla3hwvm0f99mvnrgyc4fgk-texliv
e-combined-full-2016/share/texmf/fonts/type1/public/amsfonts/cm/cmsy10.pfb></ni
x/store/q5cpljriqyla3hwvm0f99mvnrgyc4fgk-texlive-combined-full-2016/share/texmf
/fonts/type1/public/cm-super/sfbx1095.pfb></nix/store/q5cpljriqyla3hwvm0f99mvnr
gyc4fgk-texlive-combined-full-2016/share/texmf/fonts/type1/public/cm-super/sfbx
1200.pfb></nix/store/q5cpljriqyla3hwvm0f99mvnrgyc4fgk-texlive-combined-full-201
6/share/texmf/fonts/type1/public/cm-super/sfbx1440.pfb></nix/store/q5cpljriqyla
3hwvm0f99mvnrgyc4fgk-texlive-combined-full-2016/share/texmf/fonts/type1/public/
cm-super/sfbx2074.pfb></nix/store/q5cpljriqyla3hwvm0f99mvnrgyc4fgk-texlive-comb
ined-full-2016/share/texmf/fonts/type1/public/cm-super/sfrm0900.pfb></nix/store
/q5cpljriqyla3hwvm0f99mvnrgyc4fgk-texlive-combined-full-2016/share/texmf/fonts/
type1/public/cm-super/sfrm1095.pfb></nix/store/q5cpljriqyla3hwvm0f99mvnrgyc4fgk
-texlive-combined-full-2016/share/texmf/fonts/type1/public/cm-super/sfrm1200.pf
b></nix/store/q5cpljriqyla3hwvm0f99mvnrgyc4fgk-texlive-combined-full-2016/share
/texmf/fonts/type1/public/cm-super/sfrm2074.pfb></nix/store/q5cpljriqyla3hwvm0f
99mvnrgyc4fgk-texlive-combined-full-2016/share/texmf/fonts/type1/public/cm-supe
r/sfti1095.pfb></nix/store/q5cpljriqyla3hwvm0f99mvnrgyc4fgk-texlive-combined-fu
ll-2016/share/texmf/fonts/type1/public/cm-super/sftt1095.pfb>
Output written on main.pdf (7 pages, 555763 bytes).
PDF statistics:
 186 PDF objects out of 1000 (max. 8388607)
 145 compressed objects within 2 object streams
 28 named destinations out of 1000 (max. 500000)
 135 words of extra memory for PDF output out of 10000 (max. 10000000)

